<?xml version='1.0' encoding='UTF-8'?>
<testsuite hostname="Thomass-Mini.home" name="BobTest" tests="25" errors="0" failures="0" skipped="0" time="0.007" timestamp="2025-02-13T10:43:43">
          <properties>
      <property name="java.specification.version" value="23"/><property name="sun.jnu.encoding" value="UTF-8"/><property name="java.class.path" value="/Users/mailund/Library/Caches/Coursier/arc/https/github.com/sbt/sbt/releases/download/v1.10.7/sbt-1.10.7.zip/sbt/bin/sbt-launch.jar"/><property name="java.vm.vendor" value="Homebrew"/><property name="sun.arch.data.model" value="64"/><property name="jline.shutdownhook" value="false"/><property name="java.vendor.url" value="https://github.com/Homebrew/homebrew-core/issues"/><property name="user.timezone" value="Europe/Copenhagen"/><property name="java.vm.specification.version" value="23"/><property name="os.name" value="Mac OS X"/><property name="sun.java.launcher" value="SUN_STANDARD"/><property name="user.country" value="DK"/><property name="sun.boot.library.path" value="/opt/homebrew/Cellar/openjdk/23.0.2/libexec/openjdk.jdk/Contents/Home/lib"/><property name="sun.java.command" value="/Users/mailund/Library/Caches/Coursier/arc/https/github.com/sbt/sbt/releases/download/v1.10.7/sbt-1.10.7.zip/sbt/bin/sbt-launch.jar test"/><property name="http.nonProxyHosts" value="local|*.local|169.254/16|*.169.254/16"/><property name="jdk.debug" value="release"/><property name="sun.cpu.endian" value="little"/><property name="user.home" value="/Users/mailund"/><property name="user.language" value="en"/><property name="sbt.script" value="/Users/mailund/Library/Caches/Coursier/arc/https/github.com/sbt/sbt/releases/download/v1.10.7/sbt-1.10.7.zip/sbt/bin/sbt"/><property name="java.specification.vendor" value="Oracle Corporation"/><property name="sbt.ipcsocket.tmpdir" value="/var/folders/kg/8d2zts_d7vs2lr7rnyvx0wf80000gn/T/.sbtd65d035a/ipcsocket"/><property name="swoval.tmpdir" value="/var/folders/kg/8d2zts_d7vs2lr7rnyvx0wf80000gn/T/.sbtd65d035a/swoval"/><property name="java.version.date" value="2025-01-21"/><property name="java.home" value="/opt/homebrew/Cellar/openjdk/23.0.2/libexec/openjdk.jdk/Contents/Home"/><property name="file.separator" value="/"/><property name="java.vm.compressedOopsMode" value="Zero based"/><property name="line.separator" value="
"/><property name="java.vm.specification.vendor" value="Oracle Corporation"/><property name="java.specification.name" value="Java Platform API Specification"/><property name="apple.awt.application.name" value="Boot"/><property name="jline.esc.timeout" value="0"/><property name="sun.management.compiler" value="HotSpot 64-Bit Tiered Compilers"/><property name="ftp.nonProxyHosts" value="local|*.local|169.254/16|*.169.254/16"/><property name="java.runtime.version" value="23.0.2"/><property name="user.name" value="mailund"/><property name="stdout.encoding" value="UTF-8"/><property name="path.separator" value=":"/><property name="os.version" value="14.6.1"/><property name="jna.nosys" value="true"/><property name="java.runtime.name" value="OpenJDK Runtime Environment"/><property name="log4j.ignoreTCL" value="true"/><property name="file.encoding" value="UTF-8"/><property name="java.vm.name" value="OpenJDK 64-Bit Server VM"/><property name="java.vendor.version" value="Homebrew"/><property name="java.vendor.url.bug" value="https://github.com/Homebrew/homebrew-core/issues"/><property name="java.io.tmpdir" value="/var/folders/kg/8d2zts_d7vs2lr7rnyvx0wf80000gn/T/"/><property name="java.version" value="23.0.2"/><property name="user.dir" value="/Users/mailund/Code/exercism/scala/bob"/><property name="os.arch" value="aarch64"/><property name="java.vm.specification.name" value="Java Virtual Machine Specification"/><property name="native.encoding" value="UTF-8"/><property name="java.library.path" value="/Users/mailund/Library/Java/Extensions:/Library/Java/Extensions:/Network/Library/Java/Extensions:/System/Library/Java/Extensions:/usr/lib/java:."/><property name="java.vm.info" value="mixed mode, sharing"/><property name="stderr.encoding" value="UTF-8"/><property name="java.vendor" value="Homebrew"/><property name="java.vm.version" value="23.0.2"/><property name="scala.ext.dirs" value="/Users/mailund/.sbt/1.0/java9-rt-ext-homebrew_23_0_2"/><property name="sun.io.unicode.encoding" value="UnicodeBig"/><property name="socksNonProxyHosts" value="local|*.local|169.254/16|*.169.254/16"/><property name="java.class.version" value="67.0"/>
    </properties>
          <testcase classname="BobTest" name="stating something" time="0.006">
                      
                    </testcase><testcase classname="BobTest" name="shouting" time="0.0">
                      
                    </testcase><testcase classname="BobTest" name="shouting gibberish" time="0.0">
                      
                    </testcase><testcase classname="BobTest" name="asking a question" time="0.0">
                      
                    </testcase><testcase classname="BobTest" name="asking a numeric question" time="0.0">
                      
                    </testcase><testcase classname="BobTest" name="asking gibberish" time="0.0">
                      
                    </testcase><testcase classname="BobTest" name="talking forcefully" time="0.0">
                      
                    </testcase><testcase classname="BobTest" name="using acronyms in regular speech" time="0.0">
                      
                    </testcase><testcase classname="BobTest" name="forceful question" time="0.0">
                      
                    </testcase><testcase classname="BobTest" name="shouting numbers" time="0.0">
                      
                    </testcase><testcase classname="BobTest" name="no letters" time="0.0">
                      
                    </testcase><testcase classname="BobTest" name="question with no letters" time="0.0">
                      
                    </testcase><testcase classname="BobTest" name="shouting with special characters" time="0.0">
                      
                    </testcase><testcase classname="BobTest" name="shouting with no exclamation mark" time="0.0">
                      
                    </testcase><testcase classname="BobTest" name="statement containing question mark" time="0.0">
                      
                    </testcase><testcase classname="BobTest" name="non-letters with question" time="0.001">
                      
                    </testcase><testcase classname="BobTest" name="prattling on" time="0.0">
                      
                    </testcase><testcase classname="BobTest" name="silence" time="0.0">
                      
                    </testcase><testcase classname="BobTest" name="prolonged silence" time="0.0">
                      
                    </testcase><testcase classname="BobTest" name="alternate silence" time="0.0">
                      
                    </testcase><testcase classname="BobTest" name="multiple line question" time="0.0">
                      
                    </testcase><testcase classname="BobTest" name="starting with whitespace" time="0.0">
                      
                    </testcase><testcase classname="BobTest" name="ending with whitespace" time="0.0">
                      
                    </testcase><testcase classname="BobTest" name="other whitespace" time="0.0">
                      
                    </testcase><testcase classname="BobTest" name="non-question ending with whitespace" time="0.0">
                      
                    </testcase>
          <system-out><![CDATA[]]></system-out>
          <system-err><![CDATA[]]></system-err>
        </testsuite>